<?xml version="1.0" encoding="UTF-8"?>
<!-- Generated by org.testng.reporters.JUnitXMLReporter -->
<testsuite hostname="tjaiswal-VAIO" name="Regression 1" tests="6" failures="0" timestamp="8 Oct 2017 06:19:20 GMT" time="0.056" errors="0">
  <testcase name="firstTestCase" time="0.011" classname="GuruAutomation.GuruDemoSiteAutomation.ClassOne"/>
  <testcase name="secondTestCase" time="0.002" classname="GuruAutomation.GuruDemoSiteAutomation.ClassOne"/>
  <testcase name="firstTestCase" time="0.002" classname="GuruAutomation.GuruDemoSiteAutomation.ClassThree"/>
  <testcase name="secondTestCase" time="0.006" classname="GuruAutomation.GuruDemoSiteAutomation.ClassThree"/>
  <testcase name="firstTestCase" time="0.002" classname="GuruAutomation.GuruDemoSiteAutomation.ClassTwo"/>
  <testcase name="secondTestCase" time="0.002" classname="GuruAutomation.GuruDemoSiteAutomation.ClassTwo"/>
</testsuite> <!-- Regression 1 -->
