<?xml version="1.0" encoding="UTF-8"?>
<!-- Generated by org.testng.reporters.JUnitXMLReporter -->
<testsuite hostname="tjaiswal-VAIO" name="Regression 1" tests="6" failures="0" timestamp="29 Oct 2017 12:48:04 GMT" time="0.052" errors="0">
  <testcase name="firstTestCase" time="0.014" classname="GuruAutomation.GuruDemoSiteAutomation.example.ClassOne"/>
  <testcase name="secondTestCase" time="0.002" classname="GuruAutomation.GuruDemoSiteAutomation.example.ClassOne"/>
  <testcase name="firstTestCase" time="0.002" classname="GuruAutomation.GuruDemoSiteAutomation.example.ClassTwo"/>
  <testcase name="secondTestCase" time="0.002" classname="GuruAutomation.GuruDemoSiteAutomation.example.ClassTwo"/>
  <testcase name="firstTestCase" time="0.001" classname="GuruAutomation.GuruDemoSiteAutomation.example.ClassThree"/>
  <testcase name="secondTestCase" time="0.002" classname="GuruAutomation.GuruDemoSiteAutomation.example.ClassThree"/>
</testsuite> <!-- Regression 1 -->
