<?xml version="1.0" encoding="UTF-8"?>
<!-- Generated by org.testng.reporters.JUnitXMLReporter -->
<testsuite hostname="tjaiswal-VAIO" name="testing" tests="3" failures="0" timestamp="8 Oct 2017 06:00:06 GMT" time="0.039" errors="0">
  <testcase name="testCaseFour" time="0.011" classname="GuruAutomation.GuruDemoSiteAutomation.groupExamples"/>
  <testcase name="testCaseOne" time="0.002" classname="GuruAutomation.GuruDemoSiteAutomation.groupExamples"/>
  <testcase name="testCaseTwo" time="0.002" classname="GuruAutomation.GuruDemoSiteAutomation.groupExamples"/>
</testsuite> <!-- testing -->
