<?xml version="1.0" encoding="UTF-8"?>
<!-- Generated by org.testng.reporters.JUnitXMLReporter -->
<testsuite hostname="tjaiswal-VAIO" name="Default test" tests="2" failures="0" timestamp="1 Sep 2017 20:00:52 GMT" time="39.124" errors="0">
  <testcase name="verifyRegistration" time="11.877" classname="com.guru.commons.testscripts.TC004_RegistrationPageTest"/>
  <testcase name="verifyWishListAdded" time="11.259" classname="com.guru.commons.testscripts.TC004_RegistrationPageTest"/>
</testsuite> <!-- Default test -->
