<?xml version="1.0" encoding="UTF-8"?>
<!-- Generated by org.testng.reporters.JUnitXMLReporter -->
<testsuite hostname="tjaiswal-VAIO" name="Default test" tests="2" failures="0" timestamp="11 Oct 2017 15:20:14 GMT" time="0.031" errors="0">
  <testcase name="firstTestCase" time="0.012" classname="GuruAutomation.GuruDemoSiteAutomation.example.ClassOne"/>
  <testcase name="secondTestCase" time="0.001" classname="GuruAutomation.GuruDemoSiteAutomation.example.ClassOne"/>
</testsuite> <!-- Default test -->
