<?xml version="1.0" encoding="UTF-8"?>
<!-- Generated by org.testng.reporters.JUnitXMLReporter -->
<testsuite hostname="tjaiswal-VAIO" name="Testing parameterzation" tests="2" failures="0" timestamp="8 Oct 2017 05:29:42 GMT" time="0.142" errors="0">
  <testcase name="testCaseOne" time="0.103" classname="GuruAutomation.GuruDemoSiteAutomation.TestParameters"/>
  <testcase name="testCaseTwo" time="0.005" classname="GuruAutomation.GuruDemoSiteAutomation.TestParameters"/>
</testsuite> <!-- Testing parameterzation -->
