<?xml version="1.0" encoding="UTF-8"?>
<!-- Generated by org.testng.reporters.JUnitXMLReporter -->
<testsuite hostname="tjaiswal-VAIO" name="Regression 1" tests="3" failures="0" timestamp="8 Oct 2017 05:16:19 GMT" time="13.064" errors="0">
  <testcase name="testCaseThree" time="5.017" classname="GuruAutomation.GuruDemoSiteAutomation.ParrelTesting"/>
  <testcase name="testCaseOne" time="8.017" classname="GuruAutomation.GuruDemoSiteAutomation.ParrelTesting"/>
  <testcase name="testCaseTwo" time="8.005" classname="GuruAutomation.GuruDemoSiteAutomation.ParrelTesting"/>
</testsuite> <!-- Regression 1 -->
