<?xml version="1.0" encoding="UTF-8"?>
<!-- Generated by org.testng.reporters.JUnitXMLReporter -->
<testsuite hostname="tjaiswal-VAIO" name="AddCart" tests="2" failures="0" timestamp="30 Aug 2017 19:36:41 GMT" time="123.132" errors="0">
  <testcase name="verifyMaxPrdAvailableInStore" time="76.791" classname="com.guru.commons.testscripts.TC002_AddCartOptionTest"/>
  <testcase name="verifyPrdEmptyInCart" time="33.198" classname="com.guru.commons.testscripts.TC002_AddCartOptionTest"/>
</testsuite> <!-- AddCart -->
