<?xml version="1.0" encoding="UTF-8"?>
<!-- Generated by org.testng.reporters.JUnitXMLReporter -->
<testsuite hostname="tjaiswal-VAIO" name="Test" tests="5" failures="0" timestamp="30 Aug 2017 19:34:38 GMT" time="35.245" errors="0">
  <testcase name="verifyTitle" time="0.369" classname="com.guru.commons.testscripts.TC001_MobileListTest"/>
  <testcase name="verifyMobilePageTitle" time="2.83" classname="com.guru.commons.testscripts.TC001_MobileListTest"/>
  <testcase name="verifyPrdInSortOrder" time="5.825" classname="com.guru.commons.testscripts.TC001_MobileListTest"/>
  <testcase name="verifyPrdSortInPrice" time="4.559" classname="com.guru.commons.testscripts.TC001_MobileListTest"/>
  <testcase name="verifyPrdCostListToDetailsPage" time="7.102" classname="com.guru.commons.testscripts.TC001_MobileListTest"/>
</testsuite> <!-- Test -->
