<?xml version="1.0" encoding="UTF-8"?>
<!-- Generated by org.testng.reporters.JUnitXMLReporter -->
<testsuite hostname="tjaiswal-VAIO" name="Test" tests="5" failures="0" timestamp="30 Aug 2017 16:38:14 GMT" time="41.897" errors="0">
  <testcase name="verifyTitle" time="0.463" classname="com.guru.commons.testscripts.TC001_MobileListTest"/>
  <testcase name="verifyMobilePageTitle" time="3.817" classname="com.guru.commons.testscripts.TC001_MobileListTest"/>
  <testcase name="verifyPrdInSortOrder" time="4.085" classname="com.guru.commons.testscripts.TC001_MobileListTest"/>
  <testcase name="verifyPrdSortInPrice" time="4.211" classname="com.guru.commons.testscripts.TC001_MobileListTest"/>
  <testcase name="verifyPrdCostListToDetailsPage" time="8.306" classname="com.guru.commons.testscripts.TC001_MobileListTest"/>
</testsuite> <!-- Test -->
