<?xml version="1.0" encoding="UTF-8"?>
<testng-results skipped="0" failed="0" total="2" passed="2">
  <reporter-output>
  </reporter-output>
  <suite name="Default suite" duration-ms="31" started-at="2017-10-11T15:20:14Z" finished-at="2017-10-11T15:20:14Z">
    <groups>
    </groups>
    <test name="Default test" duration-ms="31" started-at="2017-10-11T15:20:14Z" finished-at="2017-10-11T15:20:14Z">
      <class name="GuruAutomation.GuruDemoSiteAutomation.example.ClassOne">
        <test-method status="PASS" signature="firstTestCase()[pri:0, instance:GuruAutomation.GuruDemoSiteAutomation.example.ClassOne@2a5ca609]" name="firstTestCase" duration-ms="12" started-at="2017-10-11T20:50:14Z" finished-at="2017-10-11T20:50:14Z">
          <reporter-output>
          </reporter-output>
        </test-method> <!-- firstTestCase -->
        <test-method status="PASS" signature="secondTestCase()[pri:0, instance:GuruAutomation.GuruDemoSiteAutomation.example.ClassOne@2a5ca609]" name="secondTestCase" duration-ms="1" started-at="2017-10-11T20:50:14Z" finished-at="2017-10-11T20:50:14Z">
          <reporter-output>
          </reporter-output>
        </test-method> <!-- secondTestCase -->
      </class> <!-- GuruAutomation.GuruDemoSiteAutomation.example.ClassOne -->
    </test> <!-- Default test -->
  </suite> <!-- Default suite -->
</testng-results>
